c:\users\admin\documents\visual studio 2015\projects\maintenance_callendar_console\maintenance_callendar_console\debug\vc140.pdb
c:\users\admin\documents\visual studio 2015\projects\maintenance_callendar_console\maintenance_callendar_console\debug\vc140.idb
c:\users\admin\documents\visual studio 2015\projects\maintenance_callendar_console\maintenance_callendar_console\debug\cfgfile.obj
c:\users\admin\documents\visual studio 2015\projects\maintenance_callendar_console\maintenance_callendar_console\debug\cfgfilewstring.obj
c:\users\admin\documents\visual studio 2015\projects\maintenance_callendar_console\maintenance_callendar_console\debug\cfgreader.obj
c:\users\admin\documents\visual studio 2015\projects\maintenance_callendar_console\maintenance_callendar_console\debug\csvworks.obj
c:\users\admin\documents\visual studio 2015\projects\maintenance_callendar_console\maintenance_callendar_console\debug\dirworks.obj
c:\users\admin\documents\visual studio 2015\projects\maintenance_callendar_console\maintenance_callendar_console\debug\main.obj
c:\users\admin\documents\visual studio 2015\projects\maintenance_callendar_console\maintenance_callendar_console\debug\maindump.obj
c:\users\admin\documents\visual studio 2015\projects\maintenance_callendar_console\maintenance_callendar_console\debug\mcdatabase.obj
c:\users\admin\documents\visual studio 2015\projects\maintenance_callendar_console\maintenance_callendar_console\debug\mcevent.obj
c:\users\admin\documents\visual studio 2015\projects\maintenance_callendar_console\maintenance_callendar_console\debug\mcvechicle.obj
c:\users\admin\documents\visual studio 2015\projects\maintenance_callendar_console\maintenance_callendar_console\debug\setlist.obj
c:\users\admin\documents\visual studio 2015\projects\maintenance_callendar_console\maintenance_callendar_console\debug\stdafx.obj
c:\users\admin\documents\visual studio 2015\projects\maintenance_callendar_console\debug\maintenance_callendar_console.exe
c:\users\admin\documents\visual studio 2015\projects\maintenance_callendar_console\debug\maintenance_callendar_console.pdb
c:\users\admin\documents\visual studio 2015\projects\maintenance_callendar_console\maintenance_callendar_console\debug\maintena.2e019219.tlog\cl.command.1.tlog
c:\users\admin\documents\visual studio 2015\projects\maintenance_callendar_console\maintenance_callendar_console\debug\maintena.2e019219.tlog\cl.read.1.tlog
c:\users\admin\documents\visual studio 2015\projects\maintenance_callendar_console\maintenance_callendar_console\debug\maintena.2e019219.tlog\cl.write.1.tlog
c:\users\admin\documents\visual studio 2015\projects\maintenance_callendar_console\maintenance_callendar_console\debug\maintena.2e019219.tlog\link.command.1.tlog
c:\users\admin\documents\visual studio 2015\projects\maintenance_callendar_console\maintenance_callendar_console\debug\maintena.2e019219.tlog\link.read.1.tlog
c:\users\admin\documents\visual studio 2015\projects\maintenance_callendar_console\maintenance_callendar_console\debug\maintena.2e019219.tlog\link.write.1.tlog
